<?xml version="1.0" encoding="UTF-8"?>
<!-- Generated by org.testng.reporters.JUnitReportReporter -->
<testsuite skipped="0" hostname="ATCs-MacBook-Air.local" name="com.qa.tests.LoginTests" tests="3" failures="0" timestamp="2021-06-12T22:53:59 IST" time="24.784" errors="0">
  <testcase name="successfulLogin" time="7.384" classname="com.qa.tests.LoginTests"/>
  <system-out/>
  <testcase name="invalidPassword" time="9.692" classname="com.qa.tests.LoginTests"/>
  <system-out/>
  <testcase name="invalidUserName" time="7.708" classname="com.qa.tests.LoginTests"/>
  <system-out/>
</testsuite> <!-- com.qa.tests.LoginTests -->
